#
# There is insufficient memory for the Java Runtime Environment to continue.
# Native memory allocation (malloc) failed to allocate 885136 bytes for Chunk::new
# Possible reasons:
#   The system is out of physical RAM or swap space
#   The process is running with CompressedOops enabled, and the Java Heap may be blocking the growth of the native heap
# Possible solutions:
#   Reduce memory load on the system
#   Increase physical memory or swap space
#   Check if swap backing store is full
#   Decrease Java heap size (-Xmx/-Xms)
#   Decrease number of Java threads
#   Decrease Java thread stack sizes (-Xss)
#   Set larger code cache with -XX:ReservedCodeCacheSize=
#   JVM is running with Zero Based Compressed Oops mode in which the Java heap is
#     placed in the first 32GB address space. The Java Heap base address is the
#     maximum limit for the native heap growth. Please use -XX:HeapBaseMinAddress
#     to set the Java Heap base and to place the Java Heap above 32GB virtual address.
# This output file may be truncated or incomplete.
#
#  Out of Memory Error (./open/src/hotspot/share/memory/arena.cpp:195), pid=3172, tid=24456
#
# JRE version: Java(TM) SE Runtime Environment (14.0.1+7) (build 14.0.1+7)
# Java VM: Java HotSpot(TM) 64-Bit Server VM (14.0.1+7, mixed mode, sharing, tiered, compressed oops, g1 gc, windows-amd64)
# No core dump will be written. Minidumps are not enabled by default on client versions of Windows
#

---------------  S U M M A R Y ------------

Command Line: -javaagent:C:\\Users\\chenx15\\.m2\\repository\\org\\jacoco\\org.jacoco.agent\\0.8.7\\org.jacoco.agent-0.8.7-runtime.jar=destfile=C:\\Users\\chenx15\\Documents\\CS\\310\\CS310_Coding_Assignments\\20213-project-team46\\target\\jacoco.exec C:\Users\chenx15\AppData\Local\Temp\surefire10415021294065612701\surefirebooter4576529971963127141.jar C:\Users\chenx15\AppData\Local\Temp\surefire10415021294065612701 2021-11-03T18-36-00_276-jvmRun1 surefire5668931610514621689tmp surefire_010766336828852761430tmp

Host: Intel(R) Core(TM) i7-7820HQ CPU @ 2.90GHz, 8 cores, 15G,  Windows 10 , 64 bit Build 17134 (10.0.17134.2145)
Time: Wed Nov  3 18:36:28 2021 Pacific Daylight Time elapsed time: 28 seconds (0d 0h 0m 28s)

---------------  T H R E A D  ---------------

Current thread (0x00000229df589800):  JavaThread "C2 CompilerThread0" daemon [_thread_in_native, id=24456, stack(0x00000080d2600000,0x00000080d2700000)]


Current CompileTask:
C2:  28285 12551       4       sun.reflect.generics.parser.SignatureParser::parseTypeSignature (130 bytes)

Stack: [0x00000080d2600000,0x00000080d2700000]
Native frames: (J=compiled Java code, j=interpreted, Vv=VM code, C=native code)
V  [jvm.dll+0x5f840a]
V  [jvm.dll+0x741e4a]
V  [jvm.dll+0x7435ff]
V  [jvm.dll+0x743c43]
V  [jvm.dll+0x20d288]
V  [jvm.dll+0xabb07]
V  [jvm.dll+0xac1fc]
V  [jvm.dll+0x276db4]
V  [jvm.dll+0x50ca4a]
V  [jvm.dll+0x1ee1da]
V  [jvm.dll+0x1e7cfb]
V  [jvm.dll+0x1e4f98]
V  [jvm.dll+0x1779cc]
V  [jvm.dll+0x1f4105]
V  [jvm.dll+0x1f22eb]
V  [jvm.dll+0x706a9d]
V  [jvm.dll+0x6ff8ba]
V  [jvm.dll+0x5f72c6]
C  [ucrtbase.dll+0x1e3fe]
C  [KERNEL32.DLL+0x14034]
C  [ntdll.dll+0x73691]


---------------  P R O C E S S  ---------------

Threads class SMR info:
_java_thread_list=0x00000229e25d6410, length=51, elements={
0x00000229bbd74000, 0x00000229df568000, 0x00000229df56a800, 0x00000229df57e000,
0x00000229df581000, 0x00000229df583000, 0x00000229df589800, 0x00000229df593000,
0x00000229df59b000, 0x00000229df59e800, 0x00000229e0e25800, 0x00000229e0fa3000,
0x00000229e17fd800, 0x00000229e2ba6800, 0x00000229e2ba4000, 0x00000229e2ba1800,
0x00000229e2ba5800, 0x00000229e2ba3000, 0x00000229e2ba4800, 0x00000229e6b22800,
0x00000229e6b29000, 0x00000229e6b25800, 0x00000229e6b24800, 0x00000229e6b23000,
0x00000229e6b2a800, 0x00000229e6b2b800, 0x00000229e6b26800, 0x00000229e6b2d000,
0x00000229e6b31000, 0x00000229e6b30000, 0x00000229e6b2e800, 0x00000229e6b2d800,
0x00000229e2ba8000, 0x00000229e3610000, 0x00000229e3612800, 0x00000229e360f000,
0x00000229e360c800, 0x00000229e360d800, 0x00000229e360e800, 0x00000229e360c000,
0x00000229e3616800, 0x00000229e3615000, 0x00000229e3615800, 0x00000229e3610800,
0x00000229e3617000, 0x00000229e3611800, 0x00000229e360b000, 0x00000229e3614000,
0x00000229e3618000, 0x00000229e3613000, 0x00000229e3619800
}

Java Threads: ( => current thread )
  0x00000229bbd74000 JavaThread "Forwarding clickElement on session 3dcfac8138685552dd199cff2ae42114 to remote" [_thread_in_native, id=7244, stack(0x00000080d1a00000,0x00000080d1b00000)]
  0x00000229df568000 JavaThread "Reference Handler" daemon [_thread_blocked, id=15996, stack(0x00000080d2100000,0x00000080d2200000)]
  0x00000229df56a800 JavaThread "Finalizer" daemon [_thread_blocked, id=19324, stack(0x00000080d2200000,0x00000080d2300000)]
  0x00000229df57e000 JavaThread "Signal Dispatcher" daemon [_thread_blocked, id=23252, stack(0x00000080d2300000,0x00000080d2400000)]
  0x00000229df581000 JavaThread "Attach Listener" daemon [_thread_blocked, id=22400, stack(0x00000080d2400000,0x00000080d2500000)]
  0x00000229df583000 JavaThread "Service Thread" daemon [_thread_blocked, id=24436, stack(0x00000080d2500000,0x00000080d2600000)]
=>0x00000229df589800 JavaThread "C2 CompilerThread0" daemon [_thread_in_native, id=24456, stack(0x00000080d2600000,0x00000080d2700000)]
  0x00000229df593000 JavaThread "C1 CompilerThread0" daemon [_thread_blocked, id=12620, stack(0x00000080d2700000,0x00000080d2800000)]
  0x00000229df59b000 JavaThread "Sweeper thread" daemon [_thread_blocked, id=12056, stack(0x00000080d2800000,0x00000080d2900000)]
  0x00000229df59e800 JavaThread "Common-Cleaner" daemon [_thread_blocked, id=21272, stack(0x00000080d2900000,0x00000080d2a00000)]
  0x00000229e0e25800 JavaThread "Notification Thread" daemon [_thread_blocked, id=6064, stack(0x00000080d2b00000,0x00000080d2c00000)]
  0x00000229e0fa3000 JavaThread "surefire-forkedjvm-command-thread" daemon [_thread_in_native, id=10860, stack(0x00000080d3200000,0x00000080d3300000)]
  0x00000229e17fd800 JavaThread "surefire-forkedjvm-ping-30s" daemon [_thread_blocked, id=22732, stack(0x00000080d3300000,0x00000080d3400000)]
  0x00000229e2ba6800 JavaThread "HikariPool-1 housekeeper" daemon [_thread_blocked, id=12276, stack(0x00000080d3500000,0x00000080d3600000)]
  0x00000229e2ba4000 JavaThread "Catalina-utility-1" [_thread_blocked, id=14864, stack(0x00000080d3800000,0x00000080d3900000)]
  0x00000229e2ba1800 JavaThread "Catalina-utility-2" [_thread_blocked, id=10576, stack(0x00000080d3900000,0x00000080d3a00000)]
  0x00000229e2ba5800 JavaThread "container-0" [_thread_blocked, id=16336, stack(0x00000080d3a00000,0x00000080d3b00000)]
  0x00000229e2ba3000 JavaThread "http-nio-auto-1-Poller" daemon [_thread_in_native, id=2408, stack(0x00000080d3d00000,0x00000080d3e00000)]
  0x00000229e2ba4800 JavaThread "http-nio-auto-1-Acceptor" daemon [_thread_in_native, id=17184, stack(0x00000080d3e00000,0x00000080d3f00000)]
  0x00000229e6b22800 JavaThread "HikariPool-2 housekeeper" daemon [_thread_blocked, id=24124, stack(0x00000080d3f00000,0x00000080d4000000)]
  0x00000229e6b29000 JavaThread "HikariPool-3 housekeeper" daemon [_thread_blocked, id=12072, stack(0x00000080d4100000,0x00000080d4200000)]
  0x00000229e6b25800 JavaThread "Catalina-utility-1" [_thread_blocked, id=16620, stack(0x00000080d4200000,0x00000080d4300000)]
  0x00000229e6b24800 JavaThread "Catalina-utility-2" [_thread_blocked, id=12048, stack(0x00000080d4300000,0x00000080d4400000)]
  0x00000229e6b23000 JavaThread "container-1" [_thread_blocked, id=10944, stack(0x00000080d4400000,0x00000080d4500000)]
  0x00000229e6b2a800 JavaThread "http-nio-8080-Poller" daemon [_thread_in_native, id=16744, stack(0x00000080d4600000,0x00000080d4700000)]
  0x00000229e6b2b800 JavaThread "http-nio-8080-Acceptor" daemon [_thread_in_native, id=22704, stack(0x00000080d4700000,0x00000080d4800000)]
  0x00000229e6b26800 JavaThread "HikariPool-4 housekeeper" daemon [_thread_blocked, id=25828, stack(0x00000080d4800000,0x00000080d4900000)]
  0x00000229e6b2d000 JavaThread "Catalina-utility-1" [_thread_blocked, id=20112, stack(0x00000080d4a00000,0x00000080d4b00000)]
  0x00000229e6b31000 JavaThread "Catalina-utility-2" [_thread_blocked, id=16252, stack(0x00000080d4b00000,0x00000080d4c00000)]
  0x00000229e6b30000 JavaThread "container-2" [_thread_blocked, id=16360, stack(0x00000080d4c00000,0x00000080d4d00000)]
  0x00000229e6b2e800 JavaThread "http-nio-auto-2-Poller" daemon [_thread_in_native, id=24060, stack(0x00000080d4d00000,0x00000080d4e00000)]
  0x00000229e6b2d800 JavaThread "http-nio-auto-2-Acceptor" daemon [_thread_in_native, id=6048, stack(0x00000080d4e00000,0x00000080d4f00000)]
  0x00000229e2ba8000 JavaThread "UrlChecker-2" daemon [_thread_blocked, id=20608, stack(0x00000080d4f00000,0x00000080d5000000)]
  0x00000229e3610000 JavaThread "OkHttp ConnectionPool" daemon [_thread_blocked, id=2024, stack(0x00000080d5200000,0x00000080d5300000)]
  0x00000229e3612800 JavaThread "Okio Watchdog" daemon [_thread_blocked, id=22588, stack(0x00000080d5300000,0x00000080d5400000)]
  0x00000229e360f000 JavaThread "http-nio-8080-exec-1" daemon [_thread_blocked, id=26644, stack(0x00000080d4500000,0x00000080d4600000)]
  0x00000229e360c800 JavaThread "http-nio-8080-exec-2" daemon [_thread_blocked, id=13152, stack(0x00000080d5100000,0x00000080d5200000)]
  0x00000229e360d800 JavaThread "http-nio-8080-exec-3" daemon [_thread_blocked, id=16068, stack(0x00000080d5400000,0x00000080d5500000)]
  0x00000229e360e800 JavaThread "http-nio-8080-exec-4" daemon [_thread_blocked, id=27084, stack(0x00000080d5500000,0x00000080d5600000)]
  0x00000229e360c000 JavaThread "http-nio-8080-exec-5" daemon [_thread_blocked, id=27412, stack(0x00000080d4900000,0x00000080d4a00000)]
  0x00000229e3616800 JavaThread "http-nio-8080-exec-6" daemon [_thread_blocked, id=21168, stack(0x00000080d5800000,0x00000080d5900000)]
  0x00000229e3615000 JavaThread "http-nio-8080-exec-7" daemon [_thread_blocked, id=24836, stack(0x00000080d5900000,0x00000080d5a00000)]
  0x00000229e3615800 JavaThread "http-nio-8080-exec-8" daemon [_thread_blocked, id=19008, stack(0x00000080d2a00000,0x00000080d2b00000)]
  0x00000229e3610800 JavaThread "http-nio-8080-exec-9" daemon [_thread_blocked, id=20732, stack(0x00000080d3700000,0x00000080d3800000)]
  0x00000229e3617000 JavaThread "http-nio-8080-exec-10" daemon [_thread_blocked, id=20780, stack(0x00000080d5700000,0x00000080d5800000)]
  0x00000229e3611800 JavaThread "Keep-Alive-Timer" daemon [_thread_blocked, id=23388, stack(0x00000080d5a00000,0x00000080d5b00000)]
  0x00000229e360b000 JavaThread "Exec Default Executor" daemon [_thread_in_native, id=23772, stack(0x00000080d4000000,0x00000080d4100000)]
  0x00000229e3614000 JavaThread "Exec Stream Pumper" daemon [_thread_in_native, id=19372, stack(0x00000080d5000000,0x00000080d5100000)]
  0x00000229e3618000 JavaThread "Exec Stream Pumper" daemon [_thread_in_native, id=7300, stack(0x00000080d5600000,0x00000080d5700000)]
  0x00000229e3613000 JavaThread "C2 CompilerThread1" daemon [_thread_in_native, id=10420, stack(0x00000080d5b00000,0x00000080d5c00000)]
  0x00000229e3619800 JavaThread "C2 CompilerThread2" daemon [_thread_in_native, id=2624, stack(0x00000080d5c00000,0x00000080d5d00000)]

Other Threads:
  0x00000229df564000 VMThread "VM Thread" [stack: 0x00000080d2000000,0x00000080d2100000] [id=9128]
  0x00000229e0e1b000 WatcherThread [stack: 0x00000080d2c00000,0x00000080d2d00000] [id=21960]
  0x00000229bbddb800 GCTaskThread "GC Thread#0" [stack: 0x00000080d1b00000,0x00000080d1c00000] [id=20084]
  0x00000229e0e0d800 GCTaskThread "GC Thread#1" [stack: 0x00000080d2d00000,0x00000080d2e00000] [id=26964]
  0x00000229e0e26000 GCTaskThread "GC Thread#2" [stack: 0x00000080d2e00000,0x00000080d2f00000] [id=22236]
  0x00000229e0fd2000 GCTaskThread "GC Thread#3" [stack: 0x00000080d2f00000,0x00000080d3000000] [id=23540]
  0x00000229e0f78000 GCTaskThread "GC Thread#4" [stack: 0x00000080d3000000,0x00000080d3100000] [id=22712]
  0x00000229e0fd2800 GCTaskThread "GC Thread#5" [stack: 0x00000080d3100000,0x00000080d3200000] [id=19028]
  0x00000229e510b000 GCTaskThread "GC Thread#6" [stack: 0x00000080d3b00000,0x00000080d3c00000] [id=13568]
  0x00000229e5109000 GCTaskThread "GC Thread#7" [stack: 0x00000080d3c00000,0x00000080d3d00000] [id=23288]
  0x00000229bbdff800 ConcurrentGCThread "G1 Main Marker" [stack: 0x00000080d1c00000,0x00000080d1d00000] [id=11064]
  0x00000229bbe01800 ConcurrentGCThread "G1 Conc#0" [stack: 0x00000080d1d00000,0x00000080d1e00000] [id=26836]
  0x00000229e5e83800 ConcurrentGCThread "G1 Conc#1" [stack: 0x00000080d3600000,0x00000080d3700000] [id=12988]
  0x00000229df4a7000 ConcurrentGCThread "G1 Refine#0" [stack: 0x00000080d1e00000,0x00000080d1f00000] [id=16404]
  0x00000229df4a8000 ConcurrentGCThread "G1 Young RemSet Sampling" [stack: 0x00000080d1f00000,0x00000080d2000000] [id=21616]

Threads with active compile tasks:
C2 CompilerThread0    28319 12551       4       sun.reflect.generics.parser.SignatureParser::parseTypeSignature (130 bytes)
C2 CompilerThread1    28319 12556       4       org.jacoco.agent.rt.internal_3570298.asm.ClassReader::readMethod (1061 bytes)
C2 CompilerThread2    28320 12559       4       org.jacoco.agent.rt.internal_3570298.asm.ClassReader::readField (667 bytes)

VM state:not at safepoint (normal execution)

VM Mutex/Monitor currently owned by a thread: None

Heap address: 0x0000000701e00000, size: 4066 MB, Compressed Oops mode: Zero based, Oop shift amount: 3
Narrow klass base: 0x0000000800000000, Narrow klass shift: 3
Compressed class space size: 1073741824 Address: 0x0000000800b30000

Heap:
 garbage-first heap   total 158720K, used 129336K [0x0000000701e00000, 0x0000000800000000)
  region size 1024K, 83 young (84992K), 6 survivors (6144K)
 Metaspace       used 100672K, capacity 103419K, committed 103580K, reserved 1140736K
  class space    used 11603K, capacity 12662K, committed 12780K, reserved 1048576K
Heap Regions: E=young(eden), S=young(survivor), O=old, HS=humongous(starts), HC=humongous(continues), CS=collection set, F=free, OA=open archive, CA=closed archive, TAMS=top-at-mark-start (previous, next)
|   0|0x0000000701e00000, 0x0000000701f00000, 0x0000000701f00000|100%|HS|  |TAMS 0x0000000701f00000, 0x0000000701e00000| Complete 
|   1|0x0000000701f00000, 0x0000000702000000, 0x0000000702000000|100%| O|  |TAMS 0x0000000702000000, 0x0000000701f00000| Untracked 
|   2|0x0000000702000000, 0x0000000702100000, 0x0000000702100000|100%| O|  |TAMS 0x0000000702100000, 0x0000000702000000| Untracked 
|   3|0x0000000702100000, 0x0000000702200000, 0x0000000702200000|100%| O|  |TAMS 0x0000000702200000, 0x0000000702100000| Untracked 
|   4|0x0000000702200000, 0x0000000702300000, 0x0000000702300000|100%| O|  |TAMS 0x0000000702300000, 0x0000000702200000| Untracked 
|   5|0x0000000702300000, 0x0000000702400000, 0x0000000702400000|100%| O|  |TAMS 0x0000000702400000, 0x0000000702300000| Untracked 
|   6|0x0000000702400000, 0x0000000702500000, 0x0000000702500000|100%| O|  |TAMS 0x0000000702500000, 0x0000000702400000| Untracked 
|   7|0x0000000702500000, 0x0000000702600000, 0x0000000702600000|100%| O|  |TAMS 0x0000000702600000, 0x0000000702500000| Untracked 
|   8|0x0000000702600000, 0x0000000702623400, 0x0000000702700000| 13%| O|  |TAMS 0x0000000702623400, 0x0000000702600000| Untracked 
|   9|0x0000000702700000, 0x00000007027ffff8, 0x0000000702800000| 99%| O|  |TAMS 0x00000007027ffff8, 0x0000000702700000| Untracked 
|  10|0x0000000702800000, 0x0000000702900000, 0x0000000702900000|100%| O|  |TAMS 0x0000000702900000, 0x0000000702800000| Untracked 
|  11|0x0000000702900000, 0x0000000702a00000, 0x0000000702a00000|100%| O|  |TAMS 0x0000000702a00000, 0x0000000702900000| Untracked 
|  12|0x0000000702a00000, 0x0000000702b00000, 0x0000000702b00000|100%| O|  |TAMS 0x0000000702b00000, 0x0000000702a00000| Untracked 
|  13|0x0000000702b00000, 0x0000000702c00000, 0x0000000702c00000|100%| O|  |TAMS 0x0000000702c00000, 0x0000000702b00000| Untracked 
|  14|0x0000000702c00000, 0x0000000702d00000, 0x0000000702d00000|100%| O|  |TAMS 0x0000000702d00000, 0x0000000702c00000| Untracked 
|  15|0x0000000702d00000, 0x0000000702e00000, 0x0000000702e00000|100%| O|  |TAMS 0x0000000702e00000, 0x0000000702d00000| Untracked 
|  16|0x0000000702e00000, 0x0000000702ed0400, 0x0000000702f00000| 81%| O|  |TAMS 0x0000000702ed0400, 0x0000000702e00000| Untracked 
|  17|0x0000000702f00000, 0x0000000703000000, 0x0000000703000000|100%| O|  |TAMS 0x0000000703000000, 0x0000000702f00000| Untracked 
|  18|0x0000000703000000, 0x0000000703100000, 0x0000000703100000|100%| O|  |TAMS 0x0000000703100000, 0x0000000703000000| Untracked 
|  19|0x0000000703100000, 0x0000000703200000, 0x0000000703200000|100%| O|  |TAMS 0x0000000703200000, 0x0000000703100000| Untracked 
|  20|0x0000000703200000, 0x0000000703300000, 0x0000000703300000|100%| O|  |TAMS 0x0000000703300000, 0x0000000703200000| Untracked 
|  21|0x0000000703300000, 0x0000000703400000, 0x0000000703400000|100%| O|  |TAMS 0x0000000703400000, 0x0000000703300000| Untracked 
|  22|0x0000000703400000, 0x0000000703500000, 0x0000000703500000|100%| O|  |TAMS 0x0000000703500000, 0x0000000703400000| Untracked 
|  23|0x0000000703500000, 0x0000000703548c00, 0x0000000703600000| 28%| O|  |TAMS 0x0000000703548c00, 0x0000000703500000| Untracked 
|  24|0x0000000703600000, 0x0000000703700000, 0x0000000703700000|100%| O|  |TAMS 0x0000000703700000, 0x0000000703600000| Untracked 
|  25|0x0000000703700000, 0x0000000703800000, 0x0000000703800000|100%| O|  |TAMS 0x0000000703800000, 0x0000000703700000| Untracked 
|  26|0x0000000703800000, 0x0000000703900000, 0x0000000703900000|100%| O|  |TAMS 0x0000000703900000, 0x0000000703800000| Untracked 
|  27|0x0000000703900000, 0x0000000703a00000, 0x0000000703a00000|100%| O|  |TAMS 0x0000000703a00000, 0x0000000703900000| Untracked 
|  28|0x0000000703a00000, 0x0000000703b00000, 0x0000000703b00000|100%| O|  |TAMS 0x0000000703b00000, 0x0000000703a00000| Untracked 
|  29|0x0000000703b00000, 0x0000000703c00000, 0x0000000703c00000|100%| O|  |TAMS 0x0000000703c00000, 0x0000000703b00000| Untracked 
|  30|0x0000000703c00000, 0x0000000703d00000, 0x0000000703d00000|100%| O|  |TAMS 0x0000000703d00000, 0x0000000703c00000| Untracked 
|  31|0x0000000703d00000, 0x0000000703e00000, 0x0000000703e00000|100%| O|  |TAMS 0x0000000703e00000, 0x0000000703d00000| Untracked 
|  32|0x0000000703e00000, 0x0000000703f00000, 0x0000000703f00000|100%| O|  |TAMS 0x0000000703f00000, 0x0000000703e00000| Untracked 
|  33|0x0000000703f00000, 0x0000000704000000, 0x0000000704000000|100%| O|  |TAMS 0x0000000704000000, 0x0000000703f00000| Untracked 
|  34|0x0000000704000000, 0x0000000704100000, 0x0000000704100000|100%| O|  |TAMS 0x0000000704100000, 0x0000000704000000| Untracked 
|  35|0x0000000704100000, 0x0000000704200000, 0x0000000704200000|100%| O|  |TAMS 0x0000000704200000, 0x0000000704100000| Untracked 
|  36|0x0000000704200000, 0x0000000704300000, 0x0000000704300000|100%| O|  |TAMS 0x0000000704300000, 0x0000000704200000| Untracked 
|  37|0x0000000704300000, 0x0000000704400000, 0x0000000704400000|100%| O|  |TAMS 0x0000000704400000, 0x0000000704300000| Untracked 
|  38|0x0000000704400000, 0x0000000704500000, 0x0000000704500000|100%| O|  |TAMS 0x0000000704500000, 0x0000000704400000| Untracked 
|  39|0x0000000704500000, 0x0000000704600000, 0x0000000704600000|100%| O|  |TAMS 0x0000000704600000, 0x0000000704500000| Untracked 
|  40|0x0000000704600000, 0x0000000704700000, 0x0000000704700000|100%| O|  |TAMS 0x0000000704700000, 0x0000000704600000| Untracked 
|  41|0x0000000704700000, 0x0000000704800000, 0x0000000704800000|100%| O|  |TAMS 0x0000000704800000, 0x0000000704700000| Untracked 
|  42|0x0000000704800000, 0x0000000704900000, 0x0000000704900000|100%| O|  |TAMS 0x0000000704900000, 0x0000000704800000| Untracked 
|  43|0x0000000704900000, 0x0000000704a00000, 0x0000000704a00000|100%| O|  |TAMS 0x0000000704a00000, 0x0000000704900000| Untracked 
|  44|0x0000000704a00000, 0x0000000704b00000, 0x0000000704b00000|100%| O|  |TAMS 0x0000000704b00000, 0x0000000704a00000| Untracked 
|  45|0x0000000704b00000, 0x0000000704c00000, 0x0000000704c00000|100%| O|  |TAMS 0x0000000704c00000, 0x0000000704b00000| Untracked 
|  46|0x0000000704c00000, 0x0000000704d00000, 0x0000000704d00000|100%| O|  |TAMS 0x0000000704d00000, 0x0000000704c00000| Untracked 
|  47|0x0000000704d00000, 0x0000000704da6800, 0x0000000704e00000| 65%| O|  |TAMS 0x0000000704da6800, 0x0000000704d00000| Untracked 
|  48|0x0000000704e00000, 0x0000000704e00000, 0x0000000704f00000|  0%| F|  |TAMS 0x0000000704e00000, 0x0000000704e00000| Untracked 
|  49|0x0000000704f00000, 0x0000000704f00000, 0x0000000705000000|  0%| F|  |TAMS 0x0000000704f00000, 0x0000000704f00000| Untracked 
|  50|0x0000000705000000, 0x0000000705000000, 0x0000000705100000|  0%| F|  |TAMS 0x0000000705000000, 0x0000000705000000| Untracked 
|  51|0x0000000705100000, 0x0000000705100000, 0x0000000705200000|  0%| F|  |TAMS 0x0000000705100000, 0x0000000705100000| Untracked 
|  52|0x0000000705200000, 0x0000000705200000, 0x0000000705300000|  0%| F|  |TAMS 0x0000000705200000, 0x0000000705200000| Untracked 
|  53|0x0000000705300000, 0x0000000705300000, 0x0000000705400000|  0%| F|  |TAMS 0x0000000705300000, 0x0000000705300000| Untracked 
|  54|0x0000000705400000, 0x0000000705400000, 0x0000000705500000|  0%| F|  |TAMS 0x0000000705400000, 0x0000000705400000| Untracked 
|  55|0x0000000705500000, 0x0000000705500000, 0x0000000705600000|  0%| F|  |TAMS 0x0000000705500000, 0x0000000705500000| Untracked 
|  56|0x0000000705600000, 0x0000000705600000, 0x0000000705700000|  0%| F|  |TAMS 0x0000000705600000, 0x0000000705600000| Untracked 
|  57|0x0000000705700000, 0x0000000705700000, 0x0000000705800000|  0%| F|  |TAMS 0x0000000705700000, 0x0000000705700000| Untracked 
|  58|0x0000000705800000, 0x0000000705800000, 0x0000000705900000|  0%| F|  |TAMS 0x0000000705800000, 0x0000000705800000| Untracked 
|  59|0x0000000705900000, 0x0000000705900000, 0x0000000705a00000|  0%| F|  |TAMS 0x0000000705900000, 0x0000000705900000| Untracked 
|  60|0x0000000705a00000, 0x0000000705a00000, 0x0000000705b00000|  0%| F|  |TAMS 0x0000000705a00000, 0x0000000705a00000| Untracked 
|  61|0x0000000705b00000, 0x0000000705b00000, 0x0000000705c00000|  0%| F|  |TAMS 0x0000000705b00000, 0x0000000705b00000| Untracked 
|  62|0x0000000705c00000, 0x0000000705c00000, 0x0000000705d00000|  0%| F|  |TAMS 0x0000000705c00000, 0x0000000705c00000| Untracked 
|  63|0x0000000705d00000, 0x0000000705d00000, 0x0000000705e00000|  0%| F|  |TAMS 0x0000000705d00000, 0x0000000705d00000| Untracked 
|  64|0x0000000705e00000, 0x0000000705e00000, 0x0000000705f00000|  0%| F|  |TAMS 0x0000000705e00000, 0x0000000705e00000| Untracked 
|  65|0x0000000705f00000, 0x0000000705f00000, 0x0000000706000000|  0%| F|  |TAMS 0x0000000705f00000, 0x0000000705f00000| Untracked 
|  66|0x0000000706000000, 0x0000000706000000, 0x0000000706100000|  0%| F|  |TAMS 0x0000000706000000, 0x0000000706000000| Untracked 
|  67|0x0000000706100000, 0x0000000706100000, 0x0000000706200000|  0%| F|  |TAMS 0x0000000706100000, 0x0000000706100000| Untracked 
|  68|0x0000000706200000, 0x0000000706200000, 0x0000000706300000|  0%| F|  |TAMS 0x0000000706200000, 0x0000000706200000| Untracked 
|  69|0x0000000706300000, 0x0000000706300000, 0x0000000706400000|  0%| F|  |TAMS 0x0000000706300000, 0x0000000706300000| Untracked 
|  70|0x0000000706400000, 0x0000000706400000, 0x0000000706500000|  0%| F|  |TAMS 0x0000000706400000, 0x0000000706400000| Untracked 
|  71|0x0000000706500000, 0x0000000706500000, 0x0000000706600000|  0%| F|  |TAMS 0x0000000706500000, 0x0000000706500000| Untracked 
|  72|0x0000000706600000, 0x0000000706700000, 0x0000000706700000|100%| E|  |TAMS 0x0000000706600000, 0x0000000706600000| Complete 
|  73|0x0000000706700000, 0x0000000706800000, 0x0000000706800000|100%| E|CS|TAMS 0x0000000706700000, 0x0000000706700000| Complete 
|  74|0x0000000706800000, 0x0000000706900000, 0x0000000706900000|100%| E|CS|TAMS 0x0000000706800000, 0x0000000706800000| Complete 
|  75|0x0000000706900000, 0x0000000706a00000, 0x0000000706a00000|100%| E|CS|TAMS 0x0000000706900000, 0x0000000706900000| Complete 
|  76|0x0000000706a00000, 0x0000000706b00000, 0x0000000706b00000|100%| E|  |TAMS 0x0000000706a00000, 0x0000000706a00000| Complete 
|  77|0x0000000706b00000, 0x0000000706c00000, 0x0000000706c00000|100%| E|CS|TAMS 0x0000000706b00000, 0x0000000706b00000| Complete 
|  78|0x0000000706c00000, 0x0000000706d00000, 0x0000000706d00000|100%| E|CS|TAMS 0x0000000706c00000, 0x0000000706c00000| Complete 
|  79|0x0000000706d00000, 0x0000000706e00000, 0x0000000706e00000|100%| E|CS|TAMS 0x0000000706d00000, 0x0000000706d00000| Complete 
|  80|0x0000000706e00000, 0x0000000706f00000, 0x0000000706f00000|100%| E|CS|TAMS 0x0000000706e00000, 0x0000000706e00000| Complete 
|  81|0x0000000706f00000, 0x0000000707000000, 0x0000000707000000|100%| E|CS|TAMS 0x0000000706f00000, 0x0000000706f00000| Complete 
|  82|0x0000000707000000, 0x0000000707100000, 0x0000000707100000|100%| E|CS|TAMS 0x0000000707000000, 0x0000000707000000| Complete 
|  83|0x0000000707100000, 0x0000000707200000, 0x0000000707200000|100%| E|CS|TAMS 0x0000000707100000, 0x0000000707100000| Complete 
|  84|0x0000000707200000, 0x0000000707300000, 0x0000000707300000|100%| E|CS|TAMS 0x0000000707200000, 0x0000000707200000| Complete 
|  85|0x0000000707300000, 0x0000000707400000, 0x0000000707400000|100%| E|CS|TAMS 0x0000000707300000, 0x0000000707300000| Complete 
|  86|0x0000000707400000, 0x0000000707500000, 0x0000000707500000|100%| E|CS|TAMS 0x0000000707400000, 0x0000000707400000| Complete 
|  87|0x0000000707500000, 0x0000000707600000, 0x0000000707600000|100%| E|CS|TAMS 0x0000000707500000, 0x0000000707500000| Complete 
|  88|0x0000000707600000, 0x0000000707700000, 0x0000000707700000|100%| E|CS|TAMS 0x0000000707600000, 0x0000000707600000| Complete 
|  89|0x0000000707700000, 0x0000000707800000, 0x0000000707800000|100%| E|CS|TAMS 0x0000000707700000, 0x0000000707700000| Complete 
|  90|0x0000000707800000, 0x0000000707900000, 0x0000000707900000|100%| E|CS|TAMS 0x0000000707800000, 0x0000000707800000| Complete 
|  91|0x0000000707900000, 0x0000000707a00000, 0x0000000707a00000|100%| E|CS|TAMS 0x0000000707900000, 0x0000000707900000| Complete 
|  92|0x0000000707a00000, 0x0000000707b00000, 0x0000000707b00000|100%| E|CS|TAMS 0x0000000707a00000, 0x0000000707a00000| Complete 
|  93|0x0000000707b00000, 0x0000000707c00000, 0x0000000707c00000|100%| E|CS|TAMS 0x0000000707b00000, 0x0000000707b00000| Complete 
|  94|0x0000000707c00000, 0x0000000707d00000, 0x0000000707d00000|100%| E|CS|TAMS 0x0000000707c00000, 0x0000000707c00000| Complete 
|  95|0x0000000707d00000, 0x0000000707e00000, 0x0000000707e00000|100%| E|CS|TAMS 0x0000000707d00000, 0x0000000707d00000| Complete 
|  96|0x0000000707e00000, 0x0000000707f00000, 0x0000000707f00000|100%| E|CS|TAMS 0x0000000707e00000, 0x0000000707e00000| Complete 
|  97|0x0000000707f00000, 0x0000000708000000, 0x0000000708000000|100%| E|CS|TAMS 0x0000000707f00000, 0x0000000707f00000| Complete 
|  98|0x0000000708000000, 0x0000000708100000, 0x0000000708100000|100%| E|CS|TAMS 0x0000000708000000, 0x0000000708000000| Complete 
|  99|0x0000000708100000, 0x0000000708200000, 0x0000000708200000|100%| E|CS|TAMS 0x0000000708100000, 0x0000000708100000| Complete 
| 100|0x0000000708200000, 0x0000000708300000, 0x0000000708300000|100%| E|CS|TAMS 0x0000000708200000, 0x0000000708200000| Complete 
| 101|0x0000000708300000, 0x0000000708400000, 0x0000000708400000|100%| E|CS|TAMS 0x0000000708300000, 0x0000000708300000| Complete 
| 102|0x0000000708400000, 0x0000000708500000, 0x0000000708500000|100%| E|CS|TAMS 0x0000000708400000, 0x0000000708400000| Complete 
| 103|0x0000000708500000, 0x0000000708600000, 0x0000000708600000|100%| E|CS|TAMS 0x0000000708500000, 0x0000000708500000| Complete 
| 104|0x0000000708600000, 0x0000000708700000, 0x0000000708700000|100%| E|CS|TAMS 0x0000000708600000, 0x0000000708600000| Complete 
| 105|0x0000000708700000, 0x0000000708800000, 0x0000000708800000|100%| E|CS|TAMS 0x0000000708700000, 0x0000000708700000| Complete 
| 106|0x0000000708800000, 0x0000000708900000, 0x0000000708900000|100%| E|CS|TAMS 0x0000000708800000, 0x0000000708800000| Complete 
| 107|0x0000000708900000, 0x0000000708a00000, 0x0000000708a00000|100%| E|CS|TAMS 0x0000000708900000, 0x0000000708900000| Complete 
| 108|0x0000000708a00000, 0x0000000708b00000, 0x0000000708b00000|100%| E|CS|TAMS 0x0000000708a00000, 0x0000000708a00000| Complete 
| 109|0x0000000708b00000, 0x0000000708c00000, 0x0000000708c00000|100%| E|CS|TAMS 0x0000000708b00000, 0x0000000708b00000| Complete 
| 110|0x0000000708c00000, 0x0000000708d00000, 0x0000000708d00000|100%| E|CS|TAMS 0x0000000708c00000, 0x0000000708c00000| Complete 
| 111|0x0000000708d00000, 0x0000000708d6b7e0, 0x0000000708e00000| 41%| S|CS|TAMS 0x0000000708d00000, 0x0000000708d00000| Complete 
| 112|0x0000000708e00000, 0x0000000708f00000, 0x0000000708f00000|100%| S|CS|TAMS 0x0000000708e00000, 0x0000000708e00000| Complete 
| 113|0x0000000708f00000, 0x0000000709000000, 0x0000000709000000|100%| S|CS|TAMS 0x0000000708f00000, 0x0000000708f00000| Complete 
| 114|0x0000000709000000, 0x0000000709100000, 0x0000000709100000|100%| S|CS|TAMS 0x0000000709000000, 0x0000000709000000| Complete 
| 115|0x0000000709100000, 0x0000000709200000, 0x0000000709200000|100%| S|CS|TAMS 0x0000000709100000, 0x0000000709100000| Complete 
| 116|0x0000000709200000, 0x0000000709300000, 0x0000000709300000|100%| S|CS|TAMS 0x0000000709200000, 0x0000000709200000| Complete 
| 117|0x0000000709300000, 0x0000000709400000, 0x0000000709400000|100%| E|CS|TAMS 0x0000000709300000, 0x0000000709300000| Complete 
| 118|0x0000000709400000, 0x0000000709500000, 0x0000000709500000|100%| E|CS|TAMS 0x0000000709400000, 0x0000000709400000| Complete 
| 119|0x0000000709500000, 0x0000000709600000, 0x0000000709600000|100%| E|CS|TAMS 0x0000000709500000, 0x0000000709500000| Complete 
| 120|0x0000000709600000, 0x0000000709700000, 0x0000000709700000|100%| E|CS|TAMS 0x0000000709600000, 0x0000000709600000| Complete 
| 121|0x0000000709700000, 0x0000000709800000, 0x0000000709800000|100%| E|CS|TAMS 0x0000000709700000, 0x0000000709700000| Complete 
| 122|0x0000000709800000, 0x0000000709900000, 0x0000000709900000|100%| E|CS|TAMS 0x0000000709800000, 0x0000000709800000| Complete 
| 123|0x0000000709900000, 0x0000000709a00000, 0x0000000709a00000|100%| E|CS|TAMS 0x0000000709900000, 0x0000000709900000| Complete 
| 124|0x0000000709a00000, 0x0000000709b00000, 0x0000000709b00000|100%| E|CS|TAMS 0x0000000709a00000, 0x0000000709a00000| Complete 
| 125|0x0000000709b00000, 0x0000000709c00000, 0x0000000709c00000|100%| E|CS|TAMS 0x0000000709b00000, 0x0000000709b00000| Complete 
| 126|0x0000000709c00000, 0x0000000709d00000, 0x0000000709d00000|100%| E|CS|TAMS 0x0000000709c00000, 0x0000000709c00000| Complete 
| 127|0x0000000709d00000, 0x0000000709e00000, 0x0000000709e00000|100%| E|CS|TAMS 0x0000000709d00000, 0x0000000709d00000| Complete 
| 128|0x0000000709e00000, 0x0000000709f00000, 0x0000000709f00000|100%| E|CS|TAMS 0x0000000709e00000, 0x0000000709e00000| Complete 
| 129|0x0000000709f00000, 0x000000070a000000, 0x000000070a000000|100%| E|CS|TAMS 0x0000000709f00000, 0x0000000709f00000| Complete 
| 130|0x000000070a000000, 0x000000070a100000, 0x000000070a100000|100%| E|CS|TAMS 0x000000070a000000, 0x000000070a000000| Complete 
| 131|0x000000070a100000, 0x000000070a200000, 0x000000070a200000|100%| E|CS|TAMS 0x000000070a100000, 0x000000070a100000| Complete 
| 132|0x000000070a200000, 0x000000070a300000, 0x000000070a300000|100%| E|CS|TAMS 0x000000070a200000, 0x000000070a200000| Complete 
| 133|0x000000070a300000, 0x000000070a400000, 0x000000070a400000|100%| E|CS|TAMS 0x000000070a300000, 0x000000070a300000| Complete 
| 134|0x000000070a400000, 0x000000070a500000, 0x000000070a500000|100%| E|CS|TAMS 0x000000070a400000, 0x000000070a400000| Complete 
| 135|0x000000070a500000, 0x000000070a600000, 0x000000070a600000|100%| E|CS|TAMS 0x000000070a500000, 0x000000070a500000| Complete 
| 136|0x000000070a600000, 0x000000070a700000, 0x000000070a700000|100%| E|CS|TAMS 0x000000070a600000, 0x000000070a600000| Complete 
| 137|0x000000070a700000, 0x000000070a800000, 0x000000070a800000|100%| E|CS|TAMS 0x000000070a700000, 0x000000070a700000| Complete 
| 138|0x000000070a800000, 0x000000070a900000, 0x000000070a900000|100%| E|CS|TAMS 0x000000070a800000, 0x000000070a800000| Complete 
| 139|0x000000070a900000, 0x000000070aa00000, 0x000000070aa00000|100%| E|CS|TAMS 0x000000070a900000, 0x000000070a900000| Complete 
| 140|0x000000070aa00000, 0x000000070ab00000, 0x000000070ab00000|100%| E|CS|TAMS 0x000000070aa00000, 0x000000070aa00000| Complete 
| 141|0x000000070ab00000, 0x000000070ac00000, 0x000000070ac00000|100%| E|CS|TAMS 0x000000070ab00000, 0x000000070ab00000| Complete 
| 142|0x000000070ac00000, 0x000000070ad00000, 0x000000070ad00000|100%| E|CS|TAMS 0x000000070ac00000, 0x000000070ac00000| Complete 
| 143|0x000000070ad00000, 0x000000070ae00000, 0x000000070ae00000|100%| E|CS|TAMS 0x000000070ad00000, 0x000000070ad00000| Complete 
| 144|0x000000070ae00000, 0x000000070af00000, 0x000000070af00000|100%| E|CS|TAMS 0x000000070ae00000, 0x000000070ae00000| Complete 
| 145|0x000000070af00000, 0x000000070b000000, 0x000000070b000000|100%| E|CS|TAMS 0x000000070af00000, 0x000000070af00000| Complete 
| 146|0x000000070b000000, 0x000000070b100000, 0x000000070b100000|100%| E|CS|TAMS 0x000000070b000000, 0x000000070b000000| Complete 
| 147|0x000000070b100000, 0x000000070b200000, 0x000000070b200000|100%| E|CS|TAMS 0x000000070b100000, 0x000000070b100000| Complete 
| 148|0x000000070b200000, 0x000000070b300000, 0x000000070b300000|100%| E|CS|TAMS 0x000000070b200000, 0x000000070b200000| Complete 
| 149|0x000000070b300000, 0x000000070b400000, 0x000000070b400000|100%| E|CS|TAMS 0x000000070b300000, 0x000000070b300000| Complete 
| 150|0x000000070b400000, 0x000000070b500000, 0x000000070b500000|100%| E|CS|TAMS 0x000000070b400000, 0x000000070b400000| Complete 
| 151|0x000000070b500000, 0x000000070b600000, 0x000000070b600000|100%| E|CS|TAMS 0x000000070b500000, 0x000000070b500000| Complete 
| 152|0x000000070b600000, 0x000000070b700000, 0x000000070b700000|100%| E|CS|TAMS 0x000000070b600000, 0x000000070b600000| Complete 
| 153|0x000000070b700000, 0x000000070b800000, 0x000000070b800000|100%| E|CS|TAMS 0x000000070b700000, 0x000000070b700000| Complete 
| 255|0x0000000711d00000, 0x0000000711e00000, 0x0000000711e00000|100%| E|CS|TAMS 0x0000000711d00000, 0x0000000711d00000| Complete 

Card table byte_map: [0x00000229d4040000,0x00000229d4840000] _byte_map_base: 0x00000229d0831000

Marking Bits (Prev, Next): (CMBitMap*) 0x00000229bbddd1c8, (CMBitMap*) 0x00000229bbddd208
 Prev Bits: [0x00000229d5040000, 0x00000229d8fc8000)
 Next Bits: [0x00000229d8fd0000, 0x00000229dcf58000)

Polling page: 0x00000229b9cb0000

Metaspace:

Usage:
  Non-class:     88.63 MB capacity,    86.98 MB ( 98%) used,     1.30 MB (  1%) free+waste,   357.63 KB ( <1%) overhead. 
      Class:     12.37 MB capacity,    11.33 MB ( 92%) used,   896.58 KB (  7%) free+waste,   162.19 KB (  1%) overhead. 
       Both:    101.00 MB capacity,    98.31 MB ( 97%) used,     2.17 MB (  2%) free+waste,   519.81 KB ( <1%) overhead. 

Virtual space:
  Non-class space:       90.00 MB reserved,      88.67 MB ( 99%) committed 
      Class space:        1.00 GB reserved,      12.48 MB (  1%) committed 
             Both:        1.09 GB reserved,     101.15 MB (  9%) committed 

Chunk freelists:
   Non-Class:  43.00 KB
       Class:  10.00 KB
        Both:  53.00 KB

MaxMetaspaceSize: 17179869184.00 GB
CompressedClassSpaceSize: 1.00 GB

CodeHeap 'non-profiled nmethods': size=120000Kb used=8451Kb max_used=8451Kb free=111548Kb
 bounds [0x00000229cbfe0000, 0x00000229cc830000, 0x00000229d3510000]
CodeHeap 'profiled nmethods': size=120000Kb used=26858Kb max_used=26858Kb free=93141Kb
 bounds [0x00000229c4ab0000, 0x00000229c6500000, 0x00000229cbfe0000]
CodeHeap 'non-nmethods': size=5760Kb used=1398Kb max_used=1464Kb free=4362Kb
 bounds [0x00000229c4510000, 0x00000229c4780000, 0x00000229c4ab0000]
 total_blobs=17500 nmethods=10415 adapters=605
 compilation: enabled
              stopped_count=0, restarted_count=0
 full_count=0

Compilation events (20 events):
Event: 28.220 Thread 0x00000229df593000 12585       3       org.springframework.data.repository.query.Parameters::$jacocoInit (53 bytes)
Event: 28.221 Thread 0x00000229df593000 nmethod 12585 0x00000229c64e0f90 code [0x00000229c64e11a0, 0x00000229c64e1bf8]
Event: 28.232 Thread 0x00000229df593000 12586       3       com.fasterxml.jackson.databind.type.ClassStack::$jacocoInit (52 bytes)
Event: 28.233 Thread 0x00000229df593000 nmethod 12586 0x00000229c64e1e10 code [0x00000229c64e2020, 0x00000229c64e2a58]
Event: 28.234 Thread 0x00000229df593000 12587       3       com.fasterxml.jackson.databind.type.SimpleType::$jacocoInit (53 bytes)
Event: 28.235 Thread 0x00000229df593000 nmethod 12587 0x00000229c64e2c90 code [0x00000229c64e2ea0, 0x00000229c64e38d8]
Event: 28.235 Thread 0x00000229df593000 12588       3       com.fasterxml.jackson.databind.SerializationConfig::$jacocoInit (54 bytes)
Event: 28.235 Thread 0x00000229df593000 nmethod 12588 0x00000229c64e3b10 code [0x00000229c64e3d40, 0x00000229c64e48d8]
Event: 28.236 Thread 0x00000229df593000 12589       3       org.springframework.util.MimeType::isWildcardSubtype (62 bytes)
Event: 28.237 Thread 0x00000229df593000 nmethod 12589 0x00000229c64e4b90 code [0x00000229c64e4dc0, 0x00000229c64e5428]
Event: 28.237 Thread 0x00000229df593000 12590       3       org.springframework.util.MimeType::getParameters (14 bytes)
Event: 28.237 Thread 0x00000229df593000 nmethod 12590 0x00000229c64e5790 code [0x00000229c64e5940, 0x00000229c64e5ac8]
Event: 28.237 Thread 0x00000229df593000 12591       1       java.util.Collections$EmptyMap::size (2 bytes)
Event: 28.237 Thread 0x00000229df593000 nmethod 12591 0x00000229cc820c90 code [0x00000229cc820e20, 0x00000229cc820ef8]
Event: 28.257 Thread 0x00000229df593000 12592       3       org.apache.tomcat.util.net.SocketBufferHandler::setWriteBufferConfiguredForWrite (146 bytes)
Event: 28.258 Thread 0x00000229df593000 nmethod 12592 0x00000229c64e5c10 code [0x00000229c64e5e40, 0x00000229c64e6738]
Event: 28.258 Thread 0x00000229df593000 12593       3       org.apache.tomcat.util.net.SocketBufferHandler::getWriteBuffer (14 bytes)
Event: 28.258 Thread 0x00000229df593000 nmethod 12593 0x00000229c64e6b10 code [0x00000229c64e6cc0, 0x00000229c64e6e48]
Event: 28.258 Thread 0x00000229df593000 12594       3       org.hibernate.internal.JdbcObserverImpl::$jacocoInit (52 bytes)
Event: 28.259 Thread 0x00000229df593000 nmethod 12594 0x00000229c64e6f90 code [0x00000229c64e71a0, 0x00000229c64e7bd8]

GC Heap History (20 events):
Event: 15.399 GC heap before
{Heap before GC invocations=41 (full 0):
 garbage-first heap   total 158720K, used 128192K [0x0000000701e00000, 0x0000000800000000)
  region size 1024K, 93 young (95232K), 6 survivors (6144K)
 Metaspace       used 85551K, capacity 87738K, committed 87836K, reserved 1126400K
  class space    used 9992K, capacity 10817K, committed 10860K, reserved 1048576K
}
Event: 15.406 GC heap after
{Heap after GC invocations=42 (full 0):
 garbage-first heap   total 158720K, used 41390K [0x0000000701e00000, 0x0000000800000000)
  region size 1024K, 9 young (9216K), 9 survivors (9216K)
 Metaspace       used 85551K, capacity 87738K, committed 87836K, reserved 1126400K
  class space    used 9992K, capacity 10817K, committed 10860K, reserved 1048576K
}
Event: 16.081 GC heap before
{Heap before GC invocations=42 (full 0):
 garbage-first heap   total 158720K, used 126382K [0x0000000701e00000, 0x0000000800000000)
  region size 1024K, 93 young (95232K), 9 survivors (9216K)
 Metaspace       used 86245K, capacity 88448K, committed 88604K, reserved 1126400K
  class space    used 10004K, capacity 10830K, committed 10860K, reserved 1048576K
}
Event: 16.089 GC heap after
{Heap after GC invocations=43 (full 0):
 garbage-first heap   total 158720K, used 44690K [0x0000000701e00000, 0x0000000800000000)
  region size 1024K, 9 young (9216K), 9 survivors (9216K)
 Metaspace       used 86245K, capacity 88448K, committed 88604K, reserved 1126400K
  class space    used 10004K, capacity 10830K, committed 10860K, reserved 1048576K
}
Event: 16.608 GC heap before
{Heap before GC invocations=43 (full 0):
 garbage-first heap   total 158720K, used 129682K [0x0000000701e00000, 0x0000000800000000)
  region size 1024K, 92 young (94208K), 9 survivors (9216K)
 Metaspace       used 86671K, capacity 88881K, committed 89116K, reserved 1128448K
  class space    used 10024K, capacity 10840K, committed 10860K, reserved 1048576K
}
Event: 16.612 GC heap after
{Heap after GC invocations=44 (full 0):
 garbage-first heap   total 158720K, used 44371K [0x0000000701e00000, 0x0000000800000000)
  region size 1024K, 5 young (5120K), 5 survivors (5120K)
 Metaspace       used 86671K, capacity 88881K, committed 89116K, reserved 1128448K
  class space    used 10024K, capacity 10840K, committed 10860K, reserved 1048576K
}
Event: 17.527 GC heap before
{Heap before GC invocations=44 (full 0):
 garbage-first heap   total 158720K, used 130387K [0x0000000701e00000, 0x0000000800000000)
  region size 1024K, 90 young (92160K), 5 survivors (5120K)
 Metaspace       used 87631K, capacity 89907K, committed 90012K, reserved 1128448K
  class space    used 10063K, capacity 10893K, committed 10988K, reserved 1048576K
}
Event: 17.531 GC heap after
{Heap after GC invocations=45 (full 0):
 garbage-first heap   total 158720K, used 46344K [0x0000000701e00000, 0x0000000800000000)
  region size 1024K, 7 young (7168K), 7 survivors (7168K)
 Metaspace       used 87631K, capacity 89907K, committed 90012K, reserved 1128448K
  class space    used 10063K, capacity 10893K, committed 10988K, reserved 1048576K
}
Event: 18.300 GC heap before
{Heap before GC invocations=45 (full 0):
 garbage-first heap   total 158720K, used 129288K [0x0000000701e00000, 0x0000000800000000)
  region size 1024K, 89 young (91136K), 7 survivors (7168K)
 Metaspace       used 88386K, capacity 90642K, committed 90908K, reserved 1128448K
  class space    used 10157K, capacity 11028K, committed 11116K, reserved 1048576K
}
Event: 18.305 GC heap after
{Heap after GC invocations=46 (full 0):
 garbage-first heap   total 158720K, used 49231K [0x0000000701e00000, 0x0000000800000000)
  region size 1024K, 9 young (9216K), 9 survivors (9216K)
 Metaspace       used 88386K, capacity 90642K, committed 90908K, reserved 1128448K
  class space    used 10157K, capacity 11028K, committed 11116K, reserved 1048576K
}
Event: 18.855 GC heap before
{Heap before GC invocations=46 (full 0):
 garbage-first heap   total 158720K, used 130127K [0x0000000701e00000, 0x0000000800000000)
  region size 1024K, 89 young (91136K), 9 survivors (9216K)
 Metaspace       used 88755K, capacity 91044K, committed 91164K, reserved 1130496K
  class space    used 10165K, capacity 11030K, committed 11116K, reserved 1048576K
}
Event: 18.861 GC heap after
{Heap after GC invocations=47 (full 0):
 garbage-first heap   total 158720K, used 52493K [0x0000000701e00000, 0x0000000800000000)
  region size 1024K, 10 young (10240K), 10 survivors (10240K)
 Metaspace       used 88755K, capacity 91044K, committed 91164K, reserved 1130496K
  class space    used 10165K, capacity 11030K, committed 11116K, reserved 1048576K
}
Event: 19.298 GC heap before
{Heap before GC invocations=47 (full 0):
 garbage-first heap   total 158720K, used 129293K [0x0000000701e00000, 0x0000000800000000)
  region size 1024K, 85 young (87040K), 10 survivors (10240K)
 Metaspace       used 90154K, capacity 92527K, committed 92700K, reserved 1130496K
  class space    used 10368K, capacity 11287K, committed 11372K, reserved 1048576K
}
Event: 19.304 GC heap after
{Heap after GC invocations=48 (full 0):
 garbage-first heap   total 158720K, used 50272K [0x0000000701e00000, 0x0000000800000000)
  region size 1024K, 4 young (4096K), 4 survivors (4096K)
 Metaspace       used 90154K, capacity 92527K, committed 92700K, reserved 1130496K
  class space    used 10368K, capacity 11287K, committed 11372K, reserved 1048576K
}
Event: 19.763 GC heap before
{Heap before GC invocations=48 (full 0):
 garbage-first heap   total 158720K, used 132192K [0x0000000701e00000, 0x0000000800000000)
  region size 1024K, 84 young (86016K), 4 survivors (4096K)
 Metaspace       used 93010K, capacity 95426K, committed 95516K, reserved 1132544K
  class space    used 10701K, capacity 11614K, committed 11628K, reserved 1048576K
}
Event: 19.766 GC heap after
{Heap after GC invocations=49 (full 0):
 garbage-first heap   total 158720K, used 51280K [0x0000000701e00000, 0x0000000800000000)
  region size 1024K, 5 young (5120K), 5 survivors (5120K)
 Metaspace       used 93010K, capacity 95426K, committed 95516K, reserved 1132544K
  class space    used 10701K, capacity 11614K, committed 11628K, reserved 1048576K
}
Event: 21.561 GC heap before
{Heap before GC invocations=49 (full 0):
 garbage-first heap   total 158720K, used 132176K [0x0000000701e00000, 0x0000000800000000)
  region size 1024K, 84 young (86016K), 5 survivors (5120K)
 Metaspace       used 96464K, capacity 99028K, committed 99100K, reserved 1136640K
  class space    used 11146K, capacity 12136K, committed 12140K, reserved 1048576K
}
Event: 21.565 GC heap after
{Heap after GC invocations=50 (full 0):
 garbage-first heap   total 158720K, used 52457K [0x0000000701e00000, 0x0000000800000000)
  region size 1024K, 6 young (6144K), 6 survivors (6144K)
 Metaspace       used 96464K, capacity 99028K, committed 99100K, reserved 1136640K
  class space    used 11146K, capacity 12136K, committed 12140K, reserved 1048576K
}
Event: 22.306 GC heap before
{Heap before GC invocations=50 (full 0):
 garbage-first heap   total 158720K, used 90345K [0x0000000701e00000, 0x0000000800000000)
  region size 1024K, 44 young (45056K), 6 survivors (6144K)
 Metaspace       used 98192K, capacity 100811K, committed 100892K, reserved 1138688K
  class space    used 11355K, capacity 12373K, committed 12396K, reserved 1048576K
}
Event: 22.310 GC heap after
{Heap after GC invocations=51 (full 0):
 garbage-first heap   total 158720K, used 52536K [0x0000000701e00000, 0x0000000800000000)
  region size 1024K, 6 young (6144K), 6 survivors (6144K)
 Metaspace       used 98192K, capacity 100811K, committed 100892K, reserved 1138688K
  class space    used 11355K, capacity 12373K, committed 12396K, reserved 1048576K
}

Deoptimization events (20 events):
Event: 24.542 Thread 0x00000229e2ba2000 Uncommon trap: trap_request=0xffffffc6 fr.pc=0x00000229cc5b8db8 relative=0x0000000000000bd8
Event: 24.542 Thread 0x00000229e2ba2000 Uncommon trap: reason=bimorphic_or_optimized_type_check action=maybe_recompile pc=0x00000229cc5b8db8 method=java.util.HashMap.removeNode(ILjava/lang/Object;Ljava/lang/Object;ZZ)Ljava/util/HashMap$Node; @ 283 c2
Event: 24.542 Thread 0x00000229e2ba2000 DEOPT PACKING pc=0x00000229cc5b8db8 sp=0x00000080d37fece0
Event: 24.542 Thread 0x00000229e2ba2000 DEOPT UNPACKING pc=0x00000229c455912f sp=0x00000080d37fec18 mode 2
Event: 25.735 Thread 0x00000229bbd74000 DEOPT PACKING pc=0x00000229c643a3bf sp=0x00000080d1afbd80
Event: 25.735 Thread 0x00000229bbd74000 DEOPT UNPACKING pc=0x00000229c455964e sp=0x00000080d1afb250 mode 0
Event: 25.735 Thread 0x00000229bbd74000 DEOPT PACKING pc=0x00000229c643a3bf sp=0x00000080d1afbd80
Event: 25.735 Thread 0x00000229bbd74000 DEOPT UNPACKING pc=0x00000229c455964e sp=0x00000080d1afb250 mode 0
Event: 25.735 Thread 0x00000229bbd74000 DEOPT PACKING pc=0x00000229c643a3bf sp=0x00000080d1afbd80
Event: 25.735 Thread 0x00000229bbd74000 DEOPT UNPACKING pc=0x00000229c455964e sp=0x00000080d1afb250 mode 0
Event: 26.345 Thread 0x00000229bbd74000 DEOPT PACKING pc=0x00000229c5f72721 sp=0x00000080d1afcfe0
Event: 26.345 Thread 0x00000229bbd74000 DEOPT UNPACKING pc=0x00000229c455964e sp=0x00000080d1afc508 mode 0
Event: 28.170 Thread 0x00000229e3610800 Uncommon trap: trap_request=0xffffff45 fr.pc=0x00000229cc103aa8 relative=0x00000000000001c8
Event: 28.170 Thread 0x00000229e3610800 Uncommon trap: reason=unstable_if action=reinterpret pc=0x00000229cc103aa8 method=org.springframework.util.StringUtils.containsText(Ljava/lang/CharSequence;)Z @ 38 c2
Event: 28.170 Thread 0x00000229e3610800 DEOPT PACKING pc=0x00000229cc103aa8 sp=0x00000080d37fd0c0
Event: 28.170 Thread 0x00000229e3610800 DEOPT UNPACKING pc=0x00000229c455912f sp=0x00000080d37fcff0 mode 2
Event: 28.221 Thread 0x00000229e3610800 Uncommon trap: trap_request=0xffffff66 fr.pc=0x00000229cc11c1f0 relative=0x0000000000001df0
Event: 28.221 Thread 0x00000229e3610800 Uncommon trap: reason=speculate_class_check action=maybe_recompile pc=0x00000229cc11c1f0 method=org.springframework.core.MethodParameter.getGenericParameterType()Ljava/lang/reflect/Type; @ 34 c2
Event: 28.221 Thread 0x00000229e3610800 DEOPT PACKING pc=0x00000229cc11c1f0 sp=0x00000080d37fd180
Event: 28.221 Thread 0x00000229e3610800 DEOPT UNPACKING pc=0x00000229c455912f sp=0x00000080d37fd120 mode 2

Classes unloaded (1 events):
Event: 22.358 Thread 0x00000229df564000 Unloading class 0x0000000801486040 'net/bytebuddy/mirror/AccessibleObject'

Classes redefined (0 events):
No events

Internal exceptions (20 events):
Event: 20.868 Thread 0x00000229e2ba8000 Exception <a 'java/net/SocketException'{0x0000000708283050}: Socket is not connected: shutdown> (0x0000000708283050) 
thrown [./open/src/hotspot/share/prims/jni.cpp, line 620]
Event: 21.380 Thread 0x00000229e2ba8000 Exception <a 'java/net/SocketException'{0x0000000708284b70}: Socket is not connected: shutdown> (0x0000000708284b70) 
thrown [./open/src/hotspot/share/prims/jni.cpp, line 620]
Event: 21.432 Thread 0x00000229bbd74000 Exception <a 'java/lang/IncompatibleClassChangeError'{0x0000000707d32c80}: Found class java.lang.Object, but interface was expected> (0x0000000707d32c80) 
thrown [./open/src/hotspot/share/interpreter/linkResolver.cpp, line 832]
Event: 21.434 Thread 0x00000229bbd74000 Exception <a 'java/lang/NoSuchMethodError'{0x0000000707d3b750}: 'java.lang.Object java.lang.invoke.DirectMethodHandle$Holder.invokeInterface(java.lang.Object, java.lang.Object, java.lang.Object, java.lang.Object)'> (0x0000000707d3b750) 
thrown [./open/src/hotspot/share/interpreter/linkResolver.cpp, line 766]
Event: 21.474 Thread 0x00000229bbd74000 Exception <a 'java/lang/NoSuchMethodError'{0x0000000707793540}: 'double java.lang.invoke.DirectMethodHandle$Holder.invokeVirtual(java.lang.Object, java.lang.Object)'> (0x0000000707793540) 
thrown [./open/src/hotspot/share/interpreter/linkResolver.cpp, line 766]
Event: 21.474 Thread 0x00000229bbd74000 Exception <a 'java/lang/NoSuchMethodError'{0x0000000707798dd8}: 'float java.lang.invoke.DirectMethodHandle$Holder.invokeVirtual(java.lang.Object, java.lang.Object)'> (0x0000000707798dd8) 
thrown [./open/src/hotspot/share/interpreter/linkResolver.cpp, line 766]
Event: 21.474 Thread 0x00000229bbd74000 Exception <a 'java/lang/NoSuchMethodError'{0x00000007077a0760}: 'long java.lang.invoke.DirectMethodHandle$Holder.invokeVirtual(java.lang.Object, java.lang.Object)'> (0x00000007077a0760) 
thrown [./open/src/hotspot/share/interpreter/linkResolver.cpp, line 766]
Event: 23.379 Thread 0x00000229e360c000 Exception <a 'sun/net/ConnectionResetException'{0x0000000708217098}: Connection reset> (0x0000000708217098) 
thrown [./open/src/hotspot/share/prims/jni.cpp, line 620]
Event: 23.379 Thread 0x00000229e3616800 Exception <a 'sun/net/ConnectionResetException'{0x000000070823b2a0}: Connection reset> (0x000000070823b2a0) 
thrown [./open/src/hotspot/share/prims/jni.cpp, line 620]
Event: 23.380 Thread 0x00000229e3615000 Exception <a 'sun/net/ConnectionResetException'{0x000000070825f798}: Connection reset> (0x000000070825f798) 
thrown [./open/src/hotspot/share/prims/jni.cpp, line 620]
Event: 23.922 Thread 0x00000229e2ba8000 Exception <a 'java/net/SocketException'{0x000000070820d538}: Socket is not connected: shutdown> (0x000000070820d538) 
thrown [./open/src/hotspot/share/prims/jni.cpp, line 620]
Event: 23.977 Thread 0x00000229bbd74000 Exception <a 'java/net/SocketException'{0x0000000707da9998}: Socket is not connected: shutdown> (0x0000000707da9998) 
thrown [./open/src/hotspot/share/prims/jni.cpp, line 620]
Event: 24.486 Thread 0x00000229e2ba8000 Exception <a 'java/net/SocketException'{0x000000070820e818}: Socket is not connected: shutdown> (0x000000070820e818) 
thrown [./open/src/hotspot/share/prims/jni.cpp, line 620]
Event: 25.789 Thread 0x00000229e360c800 Exception <a 'sun/net/ConnectionResetException'{0x0000000708c2d968}: Connection reset> (0x0000000708c2d968) 
thrown [./open/src/hotspot/share/prims/jni.cpp, line 620]
Event: 25.793 Thread 0x00000229e360d800 Exception <a 'sun/net/ConnectionResetException'{0x0000000708c56fd0}: Connection reset> (0x0000000708c56fd0) 
thrown [./open/src/hotspot/share/prims/jni.cpp, line 620]
Event: 25.793 Thread 0x00000229e360e800 Exception <a 'sun/net/ConnectionResetException'{0x0000000708c7b4d8}: Connection reset> (0x0000000708c7b4d8) 
thrown [./open/src/hotspot/share/prims/jni.cpp, line 620]
Event: 26.341 Thread 0x00000229e2ba8000 Exception <a 'java/net/SocketException'{0x0000000707c890b8}: Socket is not connected: shutdown> (0x0000000707c890b8) 
thrown [./open/src/hotspot/share/prims/jni.cpp, line 620]
Event: 26.370 Thread 0x00000229bbd74000 Exception <a 'java/net/SocketException'{0x000000070716faf8}: Socket is not connected: shutdown> (0x000000070716faf8) 
thrown [./open/src/hotspot/share/prims/jni.cpp, line 620]
Event: 26.877 Thread 0x00000229e2ba8000 Exception <a 'java/net/SocketException'{0x0000000707c8a398}: Socket is not connected: shutdown> (0x0000000707c8a398) 
thrown [./open/src/hotspot/share/prims/jni.cpp, line 620]
Event: 28.283 Thread 0x00000229e17fd800 Exception <a 'java/io/IOException'{0x00000007070ffa48}: CreateProcess error=1455, The paging file is too small for this operation to complete> (0x00000007070ffa48) 
thrown [./open/src/hotspot/share/prims/jni.cpp, line 620]

Events (20 events):
Event: 27.007 Executing VM operation: HandshakeOneThread done
Event: 27.510 Executing VM operation: HandshakeOneThread
Event: 27.510 Executing VM operation: HandshakeOneThread done
Event: 28.168 Executing VM operation: HandshakeOneThread
Event: 28.168 Executing VM operation: HandshakeOneThread done
Event: 28.177 Executing VM operation: HandshakeOneThread
Event: 28.177 Executing VM operation: HandshakeOneThread done
Event: 28.205 Thread 0x00000229e3613000 Thread added: 0x00000229e3613000
Event: 28.212 Executing VM operation: HandshakeOneThread
Event: 28.213 Executing VM operation: HandshakeOneThread done
Event: 28.217 Executing VM operation: HandshakeOneThread
Event: 28.218 Executing VM operation: HandshakeOneThread done
Event: 28.218 Executing VM operation: HandshakeOneThread
Event: 28.218 Executing VM operation: HandshakeOneThread done
Event: 28.220 Thread 0x00000229e3619800 Thread added: 0x00000229e3619800
Event: 28.233 loading class java/util/stream/LongStream
Event: 28.234 loading class java/util/stream/LongStream done
Event: 28.234 loading class java/util/stream/DoubleStream
Event: 28.234 loading class java/util/stream/DoubleStream done
Event: 28.283 Executing VM operation: HandshakeOneThread


Dynamic libraries:
0x00007ff7a4ab0000 - 0x00007ff7a4abf000 	C:\Program Files\Java\jdk-14.0.1\bin\java.exe
0x00007ffd59d40000 - 0x00007ffd59f21000 	C:\windows\SYSTEM32\ntdll.dll
0x00007ffd59ab0000 - 0x00007ffd59b61000 	C:\windows\System32\KERNEL32.DLL
0x00007ffd560f0000 - 0x00007ffd56363000 	C:\windows\System32\KERNELBASE.dll
0x00007ffd56f20000 - 0x00007ffd57018000 	C:\windows\System32\ucrtbase.dll
0x00007ffd4fc40000 - 0x00007ffd4fc55000 	C:\Program Files\Java\jdk-14.0.1\bin\VCRUNTIME140.dll
0x00007ffd50800000 - 0x00007ffd50818000 	C:\Program Files\Java\jdk-14.0.1\bin\jli.dll
0x00007ffd57ab0000 - 0x00007ffd57b51000 	C:\windows\System32\ADVAPI32.dll
0x00007ffd581a0000 - 0x00007ffd5823e000 	C:\windows\System32\msvcrt.dll
0x00007ffd57a50000 - 0x00007ffd57aab000 	C:\windows\System32\sechost.dll
0x00007ffd57920000 - 0x00007ffd57a42000 	C:\windows\System32\RPCRT4.dll
0x00007ffd57f70000 - 0x00007ffd58100000 	C:\windows\System32\USER32.dll
0x00007ffd43b30000 - 0x00007ffd43d99000 	C:\windows\WinSxS\amd64_microsoft.windows.common-controls_6595b64144ccf1df_6.0.17134.2145_none_d3ffd2a97c905572\COMCTL32.dll
0x00007ffd56370000 - 0x00007ffd56390000 	C:\windows\System32\win32u.dll
0x00007ffd57c40000 - 0x00007ffd57f62000 	C:\windows\System32\combase.dll
0x00007ffd58160000 - 0x00007ffd58188000 	C:\windows\System32\GDI32.dll
0x00007ffd56cb0000 - 0x00007ffd56d29000 	C:\windows\System32\bcryptPrimitives.dll
0x00007ffd57020000 - 0x00007ffd571b4000 	C:\windows\System32\gdi32full.dll
0x00007ffd56bc0000 - 0x00007ffd56c5f000 	C:\windows\System32\msvcp_win.dll
0x00007ffd50610000 - 0x00007ffd5061a000 	C:\windows\SYSTEM32\VERSION.dll
0x00007ffd57b60000 - 0x00007ffd57b8d000 	C:\windows\System32\IMM32.DLL
0x00007ffd10ee0000 - 0x00007ffd10f7b000 	C:\Program Files\Java\jdk-14.0.1\bin\msvcp140.dll
0x00007ffcc5a10000 - 0x00007ffcc652e000 	C:\Program Files\Java\jdk-14.0.1\bin\server\jvm.dll
0x00007ffd58310000 - 0x00007ffd58318000 	C:\windows\System32\PSAPI.DLL
0x00007ffd43170000 - 0x00007ffd43179000 	C:\windows\SYSTEM32\WSOCK32.dll
0x00007ffd53170000 - 0x00007ffd53193000 	C:\windows\SYSTEM32\WINMM.dll
0x00007ffd58240000 - 0x00007ffd582ac000 	C:\windows\System32\WS2_32.dll
0x00007ffd53140000 - 0x00007ffd5316a000 	C:\windows\SYSTEM32\WINMMBASE.dll
0x00007ffd56c60000 - 0x00007ffd56ca9000 	C:\windows\System32\cfgmgr32.dll
0x00007ffd56030000 - 0x00007ffd56041000 	C:\windows\System32\kernel.appcore.dll
0x00007ffd53290000 - 0x00007ffd5329a000 	C:\Program Files\Java\jdk-14.0.1\bin\jimage.dll
0x00007ffd54820000 - 0x00007ffd549e9000 	C:\windows\SYSTEM32\DBGHELP.DLL
0x00007ffd40e30000 - 0x00007ffd40e59000 	C:\windows\SYSTEM32\dbgcore.DLL
0x00007ffd52770000 - 0x00007ffd5277e000 	C:\Program Files\Java\jdk-14.0.1\bin\instrument.dll
0x00007ffd4f840000 - 0x00007ffd4f865000 	C:\Program Files\Java\jdk-14.0.1\bin\java.dll
0x00007ffd4fb20000 - 0x00007ffd4fb36000 	C:\Program Files\Java\jdk-14.0.1\bin\zip.dll
0x00007ffd58660000 - 0x00007ffd59aa5000 	C:\windows\System32\SHELL32.dll
0x00007ffd57b90000 - 0x00007ffd57c38000 	C:\windows\System32\shcore.dll
0x00007ffd56390000 - 0x00007ffd56aa3000 	C:\windows\System32\windows.storage.dll
0x00007ffd582b0000 - 0x00007ffd58301000 	C:\windows\System32\shlwapi.dll
0x00007ffd560d0000 - 0x00007ffd560ef000 	C:\windows\System32\profapi.dll
0x00007ffd56080000 - 0x00007ffd560cc000 	C:\windows\System32\powrprof.dll
0x00007ffd56050000 - 0x00007ffd5605a000 	C:\windows\System32\FLTLIB.DLL
0x00007ffd492d0000 - 0x00007ffd492e9000 	C:\Program Files\Java\jdk-14.0.1\bin\net.dll
0x00007ffd50a10000 - 0x00007ffd50aed000 	C:\windows\SYSTEM32\WINHTTP.dll
0x00007ffd558b0000 - 0x00007ffd55916000 	C:\windows\system32\mswsock.dll
0x00007ffd48e90000 - 0x00007ffd48ea2000 	C:\Program Files\Java\jdk-14.0.1\bin\nio.dll
0x00007ffd50f90000 - 0x00007ffd50fa0000 	C:\Program Files\Java\jdk-14.0.1\bin\verify.dll
0x00007ffd31c50000 - 0x00007ffd31c66000 	C:\windows\system32\napinsp.dll
0x00007ffd31c30000 - 0x00007ffd31c4a000 	C:\windows\system32\pnrpnsp.dll
0x00007ffd517a0000 - 0x00007ffd517b9000 	C:\windows\system32\NLAapi.dll
0x00007ffd55640000 - 0x00007ffd556fe000 	C:\windows\SYSTEM32\DNSAPI.dll
0x00007ffd57710000 - 0x00007ffd57718000 	C:\windows\System32\NSI.dll
0x00007ffd55600000 - 0x00007ffd55638000 	C:\windows\SYSTEM32\IPHLPAPI.DLL
0x00007ffd31c20000 - 0x00007ffd31c2e000 	C:\windows\System32\winrnr.dll
0x0000000055520000 - 0x0000000055546000 	C:\Program Files\Bonjour\mdnsNSP.dll
0x00007ffd31c00000 - 0x00007ffd31c15000 	C:\windows\System32\wshbth.dll
0x00007ffd43310000 - 0x00007ffd4346a000 	C:\windows\transocks\transockslsp64.dll
0x00007ffd4d9d0000 - 0x00007ffd4d9da000 	C:\Windows\System32\rasadhlp.dll
0x00007ffd51310000 - 0x00007ffd51382000 	C:\windows\System32\fwpuclnt.dll
0x00007ffd55b90000 - 0x00007ffd55bb5000 	C:\windows\SYSTEM32\bcrypt.dll
0x00007ffd53300000 - 0x00007ffd53309000 	C:\Program Files\Java\jdk-14.0.1\bin\management.dll
0x00007ffd4eb60000 - 0x00007ffd4eb6b000 	C:\Program Files\Java\jdk-14.0.1\bin\management_ext.dll
0x00007ffd55a70000 - 0x00007ffd55a87000 	C:\windows\SYSTEM32\CRYPTSP.dll
0x00007ffd55230000 - 0x00007ffd55263000 	C:\windows\system32\rsaenh.dll
0x00007ffd55f60000 - 0x00007ffd55f88000 	C:\windows\SYSTEM32\USERENV.dll
0x00007ffd55a60000 - 0x00007ffd55a6b000 	C:\windows\SYSTEM32\CRYPTBASE.dll
0x00007ffd51450000 - 0x00007ffd51466000 	C:\windows\SYSTEM32\dhcpcsvc6.DLL
0x00007ffd51410000 - 0x00007ffd5142a000 	C:\windows\SYSTEM32\dhcpcsvc.DLL
0x00007ffd48d30000 - 0x00007ffd48d55000 	C:\Program Files\Java\jdk-14.0.1\bin\sunec.dll
0x00007ffd495a0000 - 0x00007ffd495ae000 	C:\Program Files\Java\jdk-14.0.1\bin\sunmscapi.dll
0x00007ffd56d30000 - 0x00007ffd56f12000 	C:\windows\System32\CRYPT32.dll
0x00007ffd56060000 - 0x00007ffd56072000 	C:\windows\System32\MSASN1.dll
0x00007ffd55b60000 - 0x00007ffd55b86000 	C:\windows\SYSTEM32\ncrypt.dll
0x00007ffd55b20000 - 0x00007ffd55b56000 	C:\windows\SYSTEM32\NTASN1.dll

dbghelp: loaded successfully - version: 4.0.5 - missing functions: none
symbol engine: initialized successfully - sym options: 0x614 - pdb path: .;C:\Program Files\Java\jdk-14.0.1\bin;C:\windows\SYSTEM32;C:\windows\WinSxS\amd64_microsoft.windows.common-controls_6595b64144ccf1df_6.0.17134.2145_none_d3ffd2a97c905572;C:\Program Files\Java\jdk-14.0.1\bin\server;C:\Program Files\Bonjour;C:\windows\transocks

VM Arguments:
jvm_args: -javaagent:C:\\Users\\chenx15\\.m2\\repository\\org\\jacoco\\org.jacoco.agent\\0.8.7\\org.jacoco.agent-0.8.7-runtime.jar=destfile=C:\\Users\\chenx15\\Documents\\CS\\310\\CS310_Coding_Assignments\\20213-project-team46\\target\\jacoco.exec 
java_command: C:\Users\chenx15\AppData\Local\Temp\surefire10415021294065612701\surefirebooter4576529971963127141.jar C:\Users\chenx15\AppData\Local\Temp\surefire10415021294065612701 2021-11-03T18-36-00_276-jvmRun1 surefire5668931610514621689tmp surefire_010766336828852761430tmp
java_class_path (initial): C:\Users\chenx15\AppData\Local\Temp\surefire10415021294065612701\surefirebooter4576529971963127141.jar
Launcher Type: SUN_STANDARD

[Global flags]
     intx CICompilerCount                          = 4                                         {product} {ergonomic}
     uint ConcGCThreads                            = 2                                         {product} {ergonomic}
     uint G1ConcRefinementThreads                  = 8                                         {product} {ergonomic}
   size_t G1HeapRegionSize                         = 1048576                                   {product} {ergonomic}
    uintx GCDrainStackTargetSize                   = 64                                        {product} {ergonomic}
   size_t InitialHeapSize                          = 268435456                                 {product} {ergonomic}
   size_t MarkStackSize                            = 4194304                                   {product} {ergonomic}
   size_t MaxHeapSize                              = 4263510016                                {product} {ergonomic}
   size_t MaxNewSize                               = 2557476864                                {product} {ergonomic}
   size_t MinHeapDeltaBytes                        = 1048576                                   {product} {ergonomic}
   size_t MinHeapSize                              = 8388608                                   {product} {ergonomic}
    uintx NonNMethodCodeHeapSize                   = 5839372                                {pd product} {ergonomic}
    uintx NonProfiledCodeHeapSize                  = 122909434                              {pd product} {ergonomic}
    uintx ProfiledCodeHeapSize                     = 122909434                              {pd product} {ergonomic}
    uintx ReservedCodeCacheSize                    = 251658240                              {pd product} {ergonomic}
     bool SegmentedCodeCache                       = true                                      {product} {ergonomic}
   size_t SoftMaxHeapSize                          = 4263510016                             {manageable} {ergonomic}
     bool UseCompressedClassPointers               = true                                 {lp64_product} {ergonomic}
     bool UseCompressedOops                        = true                                 {lp64_product} {ergonomic}
     bool UseG1GC                                  = true                                      {product} {ergonomic}
     bool UseLargePagesIndividualAllocation        = false                                  {pd product} {ergonomic}

Logging:
Log output configuration:
 #0: stdout all=warning uptime,level,tags
 #1: stderr all=off uptime,level,tags

Environment Variables:
PATH=C:\Program Files (x86)\Common Files\Intel\Shared Libraries\redist\intel64\compiler;C:\WinAVR-20100110\bin;C:\WinAVR-20100110\utils\bin;C:\Program Files\Python37\Scripts\;C:\Program Files\Python37\;C:\Program Files (x86)\NVIDIA Corporation\PhysX\Common;C:\Program Files\VanDyke Software\Clients\;C:\Program Files (x86)\Common Files\Oracle\Java\javapath;C:\windows\system32;C:\windows;C:\windows\System32\Wbem;C:\windows\System32\WindowsPowerShell\v1.0\;C:\windows\System32\OpenSSH\;C:\Program Files\Microsoft SQL Server\Client SDK\ODBC\110\Tools\Binn\;C:\Program Files (x86)\Microsoft SQL Server\120\Tools\Binn\;C:\Program Files\Microsoft SQL Server\120\Tools\Binn\;C:\Program Files\Microsoft SQL Server\120\DTS\Binn\;C:\Program Files (x86)\Windows Kits\8.1\Windows Performance Toolkit\;C:\Program Files\TortoiseSVN\bin;C:\Program Files\PuTTY\;C:\Program Files\dotnet\;C:\Program Files\Microsoft SQL Server\130\Tools\Binn\;C:\Program Files\Java\jdk-14.0.1\bin;C:\Program Files\MATLAB\R2021a\bin;C:\Program Files\Docker\Docker\resources\bin;C:\ProgramData\DockerDesktop\version-bin;C:\Program Files\Git\cmd;C:\Program Files\nodejs\;C:\Users\chenx15\AppData\Local\Microsoft\WindowsApps;C:\Users\chenx15\AppData\Local\Programs\Microsoft VS Code\bin;C:\Users\chenx15\AppData\Local\GitHubDesktop\bin;C:\Users\chenx15\AppData\Roaming\npm
USERNAME=chenx15
OS=Windows_NT
PROCESSOR_IDENTIFIER=Intel64 Family 6 Model 158 Stepping 9, GenuineIntel



---------------  S Y S T E M  ---------------

OS: Windows 10 , 64 bit Build 17134 (10.0.17134.2145)
OS uptime: 64 days 19:45 hours

CPU:total 8 (initial active 8) (4 cores per cpu, 2 threads per core) family 6 model 158 stepping 9, cmov, cx8, fxsr, mmx, sse, sse2, sse3, ssse3, sse4.1, sse4.2, popcnt, avx, avx2, aes, clmul, erms, rtm, 3dnowpref, lzcnt, ht, tsc, tscinvbit, bmi1, bmi2, adx, fma

Memory: 4k page, system-wide physical 16263M (1613M free)
TotalPageFile size 21625M (AvailPageFile size 7M)
current process WorkingSet (physical memory assigned to process): 422M, peak: 455M
current process commit charge ("private bytes"): 467M, peak: 501M

vm_info: Java HotSpot(TM) 64-Bit Server VM (14.0.1+7) for windows-amd64 JRE (14.0.1+7), built on Mar  5 2020 10:30:14 by "mach5one" with MS VC++ 15.9 (VS2017)

END.
